#
# There is insufficient memory for the Java Runtime Environment to continue.
# Native memory allocation (mmap) failed to map 268435456 bytes for G1 virtual space
# Possible reasons:
#   The system is out of physical RAM or swap space
#   The process is running with CompressedOops enabled, and the Java Heap may be blocking the growth of the native heap
# Possible solutions:
#   Reduce memory load on the system
#   Increase physical memory or swap space
#   Check if swap backing store is full
#   Decrease Java heap size (-Xmx/-Xms)
#   Decrease number of Java threads
#   Decrease Java thread stack sizes (-Xss)
#   Set larger code cache with -XX:ReservedCodeCacheSize=
#   JVM is running with Zero Based Compressed Oops mode in which the Java heap is
#     placed in the first 32GB address space. The Java Heap base address is the
#     maximum limit for the native heap growth. Please use -XX:HeapBaseMinAddress
#     to set the Java Heap base and to place the Java Heap above 32GB virtual address.
# This output file may be truncated or incomplete.
#
#  Out of Memory Error (os_windows.cpp:3535), pid=15460, tid=22092
#
# JRE version:  (17.0.4.1+1) (build )
# Java VM: Java HotSpot(TM) 64-Bit Server VM (17.0.4.1+1-LTS-2, mixed mode, sharing, tiered, compressed oops, compressed class ptrs, g1 gc, windows-amd64)
# No core dump will be written. Minidumps are not enabled by default on client versions of Windows
#

---------------  S U M M A R Y ------------

Command Line: C:\Users\mohan\AppData\Local\Temp\surefire18379465520784889137\surefirebooter-20250728012522171_3.jar C:\Users\mohan\AppData\Local\Temp\surefire18379465520784889137 2025-07-28T01-25-21_772-jvmRun1 surefire-20250728012522171_1tmp surefire_0-20250728012522171_2tmp

Host: AMD Ryzen 5 2600X Six-Core Processor           , 12 cores, 15G,  Windows 10 , 64 bit Build 19041 (10.0.19041.5915)
Time: Mon Jul 28 01:25:22 2025 W. Europe Summer Time elapsed time: 0.010136 seconds (0d 0h 0m 0s)

---------------  T H R E A D  ---------------

Current thread (0x000001f990bc7660):  JavaThread "Unknown thread" [_thread_in_vm, id=22092, stack(0x000000e911000000,0x000000e911100000)]

Stack: [0x000000e911000000,0x000000e911100000]
Native frames: (J=compiled Java code, j=interpreted, Vv=VM code, C=native code)
V  [jvm.dll+0x6723ba]
V  [jvm.dll+0x7d1e34]
V  [jvm.dll+0x7d35de]
V  [jvm.dll+0x7d3c43]
V  [jvm.dll+0x243065]
V  [jvm.dll+0x66f2d9]
V  [jvm.dll+0x663c22]
V  [jvm.dll+0x3011cb]
V  [jvm.dll+0x308766]
V  [jvm.dll+0x35846e]
V  [jvm.dll+0x35869f]
V  [jvm.dll+0x2d83e8]
V  [jvm.dll+0x2d9354]
V  [jvm.dll+0x7a3911]
V  [jvm.dll+0x3662c1]
V  [jvm.dll+0x782d7c]
V  [jvm.dll+0x3e8c1f]
V  [jvm.dll+0x3ea6c1]
C  [jli.dll+0x527b]
C  [ucrtbase.dll+0x21bb2]
C  [KERNEL32.DLL+0x17374]
C  [ntdll.dll+0x4cc91]


---------------  P R O C E S S  ---------------

Threads class SMR info:
_java_thread_list=0x00007ffcec9ea858, length=0, elements={
}

Java Threads: ( => current thread )

Other Threads:
  0x000001f990c347f0 GCTaskThread "GC Thread#0" [stack: 0x000000e911100000,0x000000e911200000] [id=7404]
  0x000001f990c45570 ConcurrentGCThread "G1 Main Marker" [stack: 0x000000e911200000,0x000000e911300000] [id=24536]
  0x000001f990c46620 ConcurrentGCThread "G1 Conc#0" [stack: 0x000000e911300000,0x000000e911400000] [id=20008]

[error occurred during error reporting (printing all threads), id 0xc0000005, EXCEPTION_ACCESS_VIOLATION (0xc0000005) at pc=0x00007ffcec238dd7]

VM state: not at safepoint (not fully initialized)

VM Mutex/Monitor currently owned by a thread:  ([mutex/lock_event])
[0x000001f990bc38d0] Heap_lock - owner thread: 0x000001f990bc7660

Heap address: 0x0000000700c00000, size: 4084 MB, Compressed Oops mode: Zero based, Oop shift amount: 3

CDS archive(s) mapped at: [0x0000000000000000-0x0000000000000000-0x0000000000000000), size 0, SharedBaseAddress: 0x0000000800000000, ArchiveRelocationMode: 0.
Narrow klass base: 0x0000000000000000, Narrow klass shift: 0, Narrow klass range: 0x0

GC Precious Log:
<Empty>

Heap:
 garbage-first heap   total 0K, used 0K [0x0000000700c00000, 0x0000000800000000)
  region size 2048K, 0 young (0K), 0 survivors (0K)

[error occurred during error reporting (printing heap information), id 0xc0000005, EXCEPTION_ACCESS_VIOLATION (0xc0000005) at pc=0x00007ffcec61b869]

GC Heap History (0 events):
No events

Deoptimization events (0 events):
No events

Classes unloaded (0 events):
No events

Classes redefined (0 events):
No events

Internal exceptions (0 events):
No events

VM Operations (0 events):
No events

Events (1 events):
Event: 0.005 Loaded shared library C:\Program Files\Java\jdk-17.0.4.1\bin\java.dll


Dynamic libraries:
0x00007ff63f7e0000 - 0x00007ff63f7f0000 	C:\Program Files\Java\jdk-17.0.4.1\bin\java.exe
0x00007ffd75f90000 - 0x00007ffd76188000 	C:\WINDOWS\SYSTEM32\ntdll.dll
0x00007ffd747e0000 - 0x00007ffd748a2000 	C:\WINDOWS\System32\KERNEL32.DLL
0x00007ffd73cb0000 - 0x00007ffd73fa6000 	C:\WINDOWS\System32\KERNELBASE.dll
0x00007ffd73b30000 - 0x00007ffd73c30000 	C:\WINDOWS\System32\ucrtbase.dll
0x00007ffd6e4d0000 - 0x00007ffd6e4e8000 	C:\Program Files\Java\jdk-17.0.4.1\bin\jli.dll
0x00007ffd6bb80000 - 0x00007ffd6bb9a000 	C:\Program Files\Java\jdk-17.0.4.1\bin\VCRUNTIME140.dll
0x00007ffd75e30000 - 0x00007ffd75ee1000 	C:\WINDOWS\System32\ADVAPI32.dll
0x00007ffd75a40000 - 0x00007ffd75ade000 	C:\WINDOWS\System32\msvcrt.dll
0x00007ffd74f20000 - 0x00007ffd74fbf000 	C:\WINDOWS\System32\sechost.dll
0x00007ffd750f0000 - 0x00007ffd75213000 	C:\WINDOWS\System32\RPCRT4.dll
0x00007ffd73c80000 - 0x00007ffd73ca7000 	C:\WINDOWS\System32\bcrypt.dll
0x00007ffd74140000 - 0x00007ffd742dd000 	C:\WINDOWS\System32\USER32.dll
0x00007ffd5f840000 - 0x00007ffd5fada000 	C:\WINDOWS\WinSxS\amd64_microsoft.windows.common-controls_6595b64144ccf1df_6.0.19041.5915_none_60b4b9d171f9c7c7\COMCTL32.dll
0x00007ffd73620000 - 0x00007ffd73642000 	C:\WINDOWS\System32\win32u.dll
0x00007ffd748c0000 - 0x00007ffd748eb000 	C:\WINDOWS\System32\GDI32.dll
0x00007ffd736e0000 - 0x00007ffd737f9000 	C:\WINDOWS\System32\gdi32full.dll
0x00007ffd73a10000 - 0x00007ffd73aad000 	C:\WINDOWS\System32\msvcp_win.dll
0x00007ffd6a980000 - 0x00007ffd6a98a000 	C:\WINDOWS\SYSTEM32\VERSION.dll
0x00007ffd74750000 - 0x00007ffd7477f000 	C:\WINDOWS\System32\IMM32.DLL
0x00007ffd5edf0000 - 0x00007ffd5edfc000 	C:\Program Files\Java\jdk-17.0.4.1\bin\vcruntime140_1.dll
0x00007ffd2a190000 - 0x00007ffd2a21d000 	C:\Program Files\Java\jdk-17.0.4.1\bin\msvcp140.dll
0x00007ffcebf50000 - 0x00007ffcecb12000 	C:\Program Files\Java\jdk-17.0.4.1\bin\server\jvm.dll
0x00007ffd748b0000 - 0x00007ffd748b8000 	C:\WINDOWS\System32\PSAPI.DLL
0x00007ffd6ec70000 - 0x00007ffd6ec79000 	C:\WINDOWS\SYSTEM32\WSOCK32.dll
0x00007ffd63850000 - 0x00007ffd63877000 	C:\WINDOWS\SYSTEM32\WINMM.dll
0x00007ffd75dc0000 - 0x00007ffd75e2b000 	C:\WINDOWS\System32\WS2_32.dll
0x00007ffd71660000 - 0x00007ffd71672000 	C:\WINDOWS\SYSTEM32\kernel.appcore.dll
0x00007ffd5e880000 - 0x00007ffd5e88a000 	C:\Program Files\Java\jdk-17.0.4.1\bin\jimage.dll
0x00007ffd70cb0000 - 0x00007ffd70eb1000 	C:\WINDOWS\SYSTEM32\DBGHELP.DLL
0x00007ffd49d30000 - 0x00007ffd49d64000 	C:\WINDOWS\SYSTEM32\dbgcore.DLL
0x00007ffd73650000 - 0x00007ffd736d2000 	C:\WINDOWS\System32\bcryptPrimitives.dll
0x00007ffd4a230000 - 0x00007ffd4a255000 	C:\Program Files\Java\jdk-17.0.4.1\bin\java.dll

dbghelp: loaded successfully - version: 4.0.5 - missing functions: none
symbol engine: initialized successfully - sym options: 0x614 - pdb path: .;C:\Program Files\Java\jdk-17.0.4.1\bin;C:\WINDOWS\SYSTEM32;C:\WINDOWS\WinSxS\amd64_microsoft.windows.common-controls_6595b64144ccf1df_6.0.19041.5915_none_60b4b9d171f9c7c7;C:\Program Files\Java\jdk-17.0.4.1\bin\server

VM Arguments:
java_command: C:\Users\mohan\AppData\Local\Temp\surefire18379465520784889137\surefirebooter-20250728012522171_3.jar C:\Users\mohan\AppData\Local\Temp\surefire18379465520784889137 2025-07-28T01-25-21_772-jvmRun1 surefire-20250728012522171_1tmp surefire_0-20250728012522171_2tmp
java_class_path (initial): C:\Users\mohan\AppData\Local\Temp\surefire18379465520784889137\surefirebooter-20250728012522171_3.jar
Launcher Type: SUN_STANDARD

[Global flags]
     intx CICompilerCount                          = 4                                         {product} {ergonomic}
     uint ConcGCThreads                            = 3                                         {product} {ergonomic}
     uint G1ConcRefinementThreads                  = 10                                        {product} {ergonomic}
   size_t G1HeapRegionSize                         = 2097152                                   {product} {ergonomic}
    uintx GCDrainStackTargetSize                   = 64                                        {product} {ergonomic}
   size_t InitialHeapSize                          = 268435456                                 {product} {ergonomic}
   size_t MarkStackSize                            = 4194304                                   {product} {ergonomic}
   size_t MaxHeapSize                              = 4282384384                                {product} {ergonomic}
   size_t MinHeapDeltaBytes                        = 2097152                                   {product} {ergonomic}
   size_t MinHeapSize                              = 8388608                                   {product} {ergonomic}
    uintx NonNMethodCodeHeapSize                   = 5839372                                {pd product} {ergonomic}
    uintx NonProfiledCodeHeapSize                  = 122909434                              {pd product} {ergonomic}
    uintx ProfiledCodeHeapSize                     = 122909434                              {pd product} {ergonomic}
    uintx ReservedCodeCacheSize                    = 251658240                              {pd product} {ergonomic}
     bool SegmentedCodeCache                       = true                                      {product} {ergonomic}
   size_t SoftMaxHeapSize                          = 4282384384                             {manageable} {ergonomic}
     bool UseCompressedClassPointers               = true                           {product lp64_product} {ergonomic}
     bool UseCompressedOops                        = true                           {product lp64_product} {ergonomic}
     bool UseG1GC                                  = true                                      {product} {ergonomic}
     bool UseLargePagesIndividualAllocation        = false                                  {pd product} {ergonomic}

Logging:
Log output configuration:
 #0: stdout all=warning uptime,level,tags
 #1: stderr all=off uptime,level,tags

Environment Variables:
JAVA_HOME=C:\Program Files\Java\jdk-17.0.4.1
PATH=C:\Program Files\Common Files\Oracle\Java\javapath;C:\Program Files (x86)\Common Files\Oracle\Java\javapath;C:\Windows\system32;C:\Windows;C:\Windows\System32\Wbem;C:\Windows\System32\WindowsPowerShell\v1.0\;C:\Windows\System32\OpenSSH\;C:\Program Files (x86)\NVIDIA Corporation\PhysX\Common;C:\WINDOWS\system32;C:\WINDOWS;C:\WINDOWS\System32\Wbem;C:\WINDOWS\System32\WindowsPowerShell\v1.0\;C:\WINDOWS\System32\OpenSSH\;C:\Program Files\Microsoft SQL Server\130\Tools\Binn\;C:\Program Files\Git\cmd;C:\Program Files\dotnet\;C:\Program Files\Docker\Docker\resources\bin;C:\Program Files\NVIDIA Corporation\NVIDIA NvDLISR;C:\Program Files\nodejs\;C:\Users\mohan\AppData\Local\Microsoft\WindowsApps;C:\Program Files\JetBrains\IntelliJ IDEA 2020.1.2\bin;;C:\Users\mohan\flutter\bin;C:\windows\system32;C:\Users\mohan\AndroidStudioProjects\pong\.git\;";C:\Users\mohan\AppData\Local\Android\Sdk\tools;C:\Users\mohan\AppData\Local\Android\Sdk\tools\bin;C:\Users\mohan\AppData\Local\Android\Sdk\platform-tools";C:\Users\mohan\AppData\Local\Programs\Microsoft VS Code\bin;C:\Users\mohan\AppData\Local\Pub\Cache\bin;C:\Users\mohan\.m2\wrapper\dists\apache-maven-3.8.6-bin\1ks0nkde5v1pk9vtc31i9d0lcd\apache-maven-3.8.6\bin;C:\ffmpeg\bin;C:\Users\mohan\AppData\Local\Muse Hub\lib;C:\Users\mohan\AppData\Roaming\npm
USERNAME=mohan
LANG=en_US.UTF-8
OS=Windows_NT
PROCESSOR_IDENTIFIER=AMD64 Family 23 Model 8 Stepping 2, AuthenticAMD



---------------  S Y S T E M  ---------------

OS:
 Windows 10 , 64 bit Build 19041 (10.0.19041.5915)
OS uptime: 0 days 23:58 hours
Hyper-V role detected

CPU: total 12 (initial active 12) (12 cores per cpu, 2 threads per core) family 23 model 8 stepping 2 microcode 0x0, cx8, cmov, fxsr, ht, mmx, 3dnowpref, sse, sse2, sse3, ssse3, sse4a, sse4.1, sse4.2, popcnt, lzcnt, tsc, tscinvbit, avx, avx2, aes, clmul, bmi1, bmi2, adx, sha, fma, vzeroupper, clflush, clflushopt, hv

Memory: 4k page, system-wide physical 16333M (632M free)
TotalPageFile size 25790M (AvailPageFile size 69M)
current process WorkingSet (physical memory assigned to process): 10M, peak: 10M
current process commit charge ("private bytes"): 64M, peak: 320M

vm_info: Java HotSpot(TM) 64-Bit Server VM (17.0.4.1+1-LTS-2) for windows-amd64 JRE (17.0.4.1+1-LTS-2), built on Aug 16 2022 18:32:06 by "mach5one" with MS VC++ 16.8 / 16.9 (VS2019)

END.
